<?xml version="1.0" encoding="UTF-8"?>
<!-- Generated by org.testng.reporters.JUnitReportReporter -->
<testsuite hostname="DESKTOP-K4ASFF1" failures="0" tests="1" name="examen.test.MainTest" time="0.084" errors="0" timestamp="2021-07-26T15:28:23 COT" skipped="0">
  <testcase classname="examen.test.MainTest" name="test" time="0.084"/>
  <system-out/>
</testsuite> <!-- examen.test.MainTest -->
